<?xml version="1.0" encoding="UTF-8"?>
<!-- Generated by org.testng.reporters.JUnitReportReporter -->
<testsuite skipped="0" hostname="WelcomeBack" name="com.inetbanking.testCases.TC_LoginTest_001" tests="1" failures="0" timestamp="03 Apr 2021 06:35:48 GMT" time="4.068" errors="0">
  <testcase name="loginTest" time="4.068" classname="com.inetbanking.testCases.TC_LoginTest_001"/>
</testsuite> <!-- com.inetbanking.testCases.TC_LoginTest_001 -->
