<?xml version="1.0" encoding="UTF-8"?>
<!-- Generated by org.testng.reporters.JUnitReportReporter -->
<testsuite skipped="0" hostname="WelcomeBack" name="com.inetbanking.testCases.TC_LoginTest_001" tests="1" failures="0" timestamp="03 Apr 2021 11:01:28 GMT" time="5.046" errors="0">
  <testcase name="loginTest" time="5.046" classname="com.inetbanking.testCases.TC_LoginTest_001"/>
</testsuite> <!-- com.inetbanking.testCases.TC_LoginTest_001 -->
